[debug] [2018-06-04T17:15:17.833Z] ----------------------------------------------------------------------
[debug] [2018-06-04T17:15:17.835Z] Command:       C:\Program Files\nodejs\node.exe C:\Users\thesh\AppData\Roaming\npm\node_modules\firebase-tools\bin\firebase serve
[debug] [2018-06-04T17:15:17.835Z] CLI Version:   3.18.5
[debug] [2018-06-04T17:15:17.835Z] Platform:      win32
[debug] [2018-06-04T17:15:17.835Z] Node Version:  v10.3.0
[debug] [2018-06-04T17:15:17.835Z] Time:          Mon Jun 04 2018 12:15:17 GMT-0500 (Central Daylight Time)
[debug] [2018-06-04T17:15:17.835Z] ----------------------------------------------------------------------
[debug] 
[debug] [2018-06-04T17:15:17.845Z] > command requires scopes: ["email","openid","https://www.googleapis.com/auth/cloudplatformprojects.readonly","https://www.googleapis.com/auth/firebase","https://www.googleapis.com/auth/cloud-platform"]
[debug] [2018-06-04T17:15:17.845Z] > authorizing via signed-in user
[debug] [2018-06-04T17:15:17.847Z] >>> HTTP REQUEST GET https://admin.firebase.com/v1/projects/wshtrip-1d51e  
  
 Mon Jun 04 2018 12:15:17 GMT-0500 (Central Daylight Time)
[debug] [2018-06-04T17:15:18.101Z] <<< HTTP RESPONSE 200
[debug] [2018-06-04T17:15:18.102Z] >>> HTTP REQUEST GET https://admin.firebase.com/v1/database/wshtrip-1d51e/tokens  
  
 Mon Jun 04 2018 12:15:18 GMT-0500 (Central Daylight Time)
[debug] [2018-06-04T17:15:18.534Z] <<< HTTP RESPONSE 200
[debug] [2018-06-04T17:15:18.537Z] >>> HTTP REQUEST GET https://cloudresourcemanager.googleapis.com/v1/projects/wshtrip-1d51e  
  
 Mon Jun 04 2018 12:15:18 GMT-0500 (Central Daylight Time)
[debug] [2018-06-04T17:15:18.830Z] <<< HTTP RESPONSE 200
[info] 
[info] === Serving from 'C:\Users\thesh\devmtn\WishTrip'...
[info] 
[debug] [2018-06-04T17:15:18.841Z] >>> HTTP REQUEST GET https://mobilesdk-pa.googleapis.com/v1/projects/465650285185/clients/_:getWebAppConfig  
  
 Mon Jun 04 2018 12:15:18 GMT-0500 (Central Daylight Time)
[debug] [2018-06-04T17:15:19.126Z] <<< HTTP RESPONSE 200
[info] i  hosting: Serving hosting files from: public
[info] +  hosting: Local server: http://localhost:5000

